#
# There is insufficient memory for the Java Runtime Environment to continue.
# Native memory allocation (malloc) failed to allocate 272976 bytes for Chunk::new
# Possible reasons:
#   The system is out of physical RAM or swap space
#   The process is running with CompressedOops enabled, and the Java Heap may be blocking the growth of the native heap
# Possible solutions:
#   Reduce memory load on the system
#   Increase physical memory or swap space
#   Check if swap backing store is full
#   Decrease Java heap size (-Xmx/-Xms)
#   Decrease number of Java threads
#   Decrease Java thread stack sizes (-Xss)
#   Set larger code cache with -XX:ReservedCodeCacheSize=
#   JVM is running with Unscaled Compressed Oops mode in which the Java heap is
#     placed in the first 4GB address space. The Java Heap base address is the
#     maximum limit for the native heap growth. Please use -XX:HeapBaseMinAddress
#     to set the Java Heap base and to place the Java Heap above 4GB virtual address.
# This output file may be truncated or incomplete.
#
#  Out of Memory Error (allocation.cpp:390), pid=2776, tid=0x0000000000001e0c
#
# JRE version: Java(TM) SE Runtime Environment (8.0_201-b09) (build 1.8.0_201-b09)
# Java VM: Java HotSpot(TM) 64-Bit Server VM (25.201-b09 mixed mode windows-amd64 compressed oops)
# Failed to write core dump. Minidumps are not enabled by default on client versions of Windows
#

---------------  T H R E A D  ---------------

Current thread (0x0000000056175800):  JavaThread "C2 CompilerThread0" daemon [_thread_in_native, id=7692, stack(0x0000000056920000,0x0000000056a20000)]

Stack: [0x0000000056920000,0x0000000056a20000]
[error occurred during error reporting (printing stack bounds), id 0xc0000005]

Native frames: (J=compiled Java code, j=interpreted, Vv=VM code, C=native code)


Current CompileTask:
C2:  16143 1365   !   4       java.net.URL::<init> (543 bytes)


---------------  P R O C E S S  ---------------

Java Threads: ( => current thread )
  0x000000005642d000 JavaThread "OkHttp ConnectionPool" daemon [_thread_new, id=11080, stack(0x0000000059b90000,0x0000000059c90000)]
  0x000000005648e000 JavaThread "Keep-Alive-Timer" daemon [_thread_blocked, id=11832, stack(0x00000000597a0000,0x00000000598a0000)]
  0x000000005648b000 JavaThread "Exec Stream Pumper" daemon [_thread_in_native, id=10908, stack(0x0000000059660000,0x0000000059760000)]
  0x000000005648a800 JavaThread "Exec Stream Pumper" daemon [_thread_in_native, id=10688, stack(0x0000000055ca0000,0x0000000055da0000)]
  0x0000000057704800 JavaThread "UrlChecker-2" daemon [_thread_blocked, id=8324, stack(0x0000000056dc0000,0x0000000056ec0000)]
  0x0000000057d15800 JavaThread "Exec Default Executor" daemon [_thread_in_native, id=9236, stack(0x00000000592c0000,0x00000000593c0000)]
  0x00000000561d4800 JavaThread "Service Thread" daemon [_thread_blocked, id=4112, stack(0x0000000056f00000,0x0000000057000000)]
  0x00000000561d0800 JavaThread "C1 CompilerThread2" daemon [_thread_blocked, id=5140, stack(0x0000000056cb0000,0x0000000056db0000)]
  0x00000000561cd800 JavaThread "C2 CompilerThread1" daemon [_thread_blocked, id=10708, stack(0x0000000056af0000,0x0000000056bf0000)]
=>0x0000000056175800 JavaThread "C2 CompilerThread0" daemon [_thread_in_native, id=7692, stack(0x0000000056920000,0x0000000056a20000)]
  0x0000000056172800 JavaThread "Attach Listener" daemon [_thread_blocked, id=4908, stack(0x0000000056820000,0x0000000056920000)]
  0x0000000056170800 JavaThread "Signal Dispatcher" daemon [_thread_blocked, id=5372, stack(0x00000000565d0000,0x00000000566d0000)]
  0x0000000054c7c800 JavaThread "Finalizer" daemon [_thread_blocked, id=11668, stack(0x0000000056070000,0x0000000056170000)]
  0x0000000054c75000 JavaThread "Reference Handler" daemon [_thread_blocked, id=3012, stack(0x0000000055f30000,0x0000000056030000)]
  0x00000000020bf000 JavaThread "Forwarding newSession on session null to remote" [_thread_in_native, id=9152, stack(0x0000000002230000,0x0000000002330000)]

Other Threads:
  0x0000000054c2d800 VMThread [stack: 0x0000000055dc0000,0x0000000055ec0000] [id=11680]
  0x00000000561ed000 WatcherThread [stack: 0x00000000570a0000,0x00000000571a0000] [id=5448]

VM state:not at safepoint (normal execution)

VM Mutex/Monitor currently owned by a thread:  ([mutex/lock_event])
[0x0000000001fc9680] PeriodicTask_lock - owner thread: 0x00000000561ed000

heap address: 0x00000000c3200000, size: 974 MB, Compressed Oops mode: 32-bit
Narrow klass base: 0x0000000000000000, Narrow klass shift: 0
Compressed class space size: 1073741824 Address: 0x00000000142a0000

Heap:
 PSYoungGen      total 34304K, used 24497K [0x00000000ebb80000, 0x00000000edf80000, 0x0000000100000000)
  eden space 31744K, 69% used [0x00000000ebb80000,0x00000000ed0f44f0,0x00000000eda80000)
  from space 2560K, 98% used [0x00000000edd00000,0x00000000edf78030,0x00000000edf80000)
  to   space 2560K, 0% used [0x00000000eda80000,0x00000000eda80000,0x00000000edd00000)
 ParOldGen       total 42496K, used 3592K [0x00000000c3200000, 0x00000000c5b80000, 0x00000000ebb80000)
  object space 42496K, 8% used [0x00000000c3200000,0x00000000c3582140,0x00000000c5b80000)
 Metaspace       used 14809K, capacity 15534K, committed 15616K, reserved 1062912K
  class space    used 1846K, capacity 2039K, committed 2048K, reserved 1048576K

Card table byte_map: [0x00000000119c0000,0x0000000011bb0000] byte_map_base: 0x00000000113a7000

Marking Bits: (ParMarkBitMap*) 0x000000006de34ce0
 Begin Bits: [0x0000000012240000, 0x0000000013178000)
 End Bits:   [0x0000000013178000, 0x00000000140b0000)

Polling page: 0x0000000001c50000

CodeCache: size=245760Kb used=4798Kb max_used=4813Kb free=240961Kb
 bounds [0x0000000002600000, 0x0000000002ac0000, 0x0000000011600000]
 total_blobs=1738 nmethods=1353 adapters=298
 compilation: enabled

Compilation events (10 events):
Event: 15.479 Thread 0x00000000561d0800 1360       3       java.lang.Class$Atomic::casReflectionData (13 bytes)
Event: 15.479 Thread 0x00000000561d0800 nmethod 1360 0x0000000002aadb50 code [0x0000000002aadca0, 0x0000000002aade10]
Event: 15.483 Thread 0x00000000561d0800 1362       3       java.lang.invoke.MethodHandleNatives::refKindHasReceiver (33 bytes)
Event: 15.483 Thread 0x00000000561d0800 nmethod 1362 0x0000000002aad7d0 code [0x0000000002aad920, 0x0000000002aadad0]
Event: 15.487 Thread 0x0000000056175800 1363       4       java.util.regex.Matcher::search (109 bytes)
Event: 15.493 Thread 0x0000000056175800 nmethod 1363 0x0000000002aabc50 code [0x0000000002aabda0, 0x0000000002aac058]
Event: 15.493 Thread 0x00000000561d0800 1364       3       java.util.regex.Pattern$5::isSatisfiedBy (28 bytes)
Event: 15.493 Thread 0x00000000561d0800 nmethod 1364 0x0000000002ab4e10 code [0x0000000002ab4fa0, 0x0000000002ab5318]
Event: 15.494 Thread 0x00000000561cd800 nmethod 1357 0x0000000002ab2790 code [0x0000000002ab2960, 0x0000000002ab44d0]
Event: 15.529 Thread 0x0000000056175800 1365   !   4       java.net.URL::<init> (543 bytes)

GC Heap History (4 events):
Event: 6.321 GC heap before
{Heap before GC invocations=1 (full 0):
 PSYoungGen      total 18432K, used 15872K [0x00000000ebb80000, 0x00000000ed000000, 0x0000000100000000)
  eden space 15872K, 100% used [0x00000000ebb80000,0x00000000ecb00000,0x00000000ecb00000)
  from space 2560K, 0% used [0x00000000ecd80000,0x00000000ecd80000,0x00000000ed000000)
  to   space 2560K, 0% used [0x00000000ecb00000,0x00000000ecb00000,0x00000000ecd80000)
 ParOldGen       total 42496K, used 0K [0x00000000c3200000, 0x00000000c5b80000, 0x00000000ebb80000)
  object space 42496K, 0% used [0x00000000c3200000,0x00000000c3200000,0x00000000c5b80000)
 Metaspace       used 7756K, capacity 7990K, committed 8192K, reserved 1056768K
  class space    used 863K, capacity 975K, committed 1024K, reserved 1048576K
Event: 6.839 GC heap after
Heap after GC invocations=1 (full 0):
 PSYoungGen      total 18432K, used 2550K [0x00000000ebb80000, 0x00000000edf80000, 0x0000000100000000)
  eden space 15872K, 0% used [0x00000000ebb80000,0x00000000ebb80000,0x00000000ecb00000)
  from space 2560K, 99% used [0x00000000ecb00000,0x00000000ecd7dbe0,0x00000000ecd80000)
  to   space 2560K, 0% used [0x00000000edd00000,0x00000000edd00000,0x00000000edf80000)
 ParOldGen       total 42496K, used 444K [0x00000000c3200000, 0x00000000c5b80000, 0x00000000ebb80000)
  object space 42496K, 1% used [0x00000000c3200000,0x00000000c326f0b8,0x00000000c5b80000)
 Metaspace       used 7756K, capacity 7990K, committed 8192K, reserved 1056768K
  class space    used 863K, capacity 975K, committed 1024K, reserved 1048576K
}
Event: 10.193 GC heap before
{Heap before GC invocations=2 (full 0):
 PSYoungGen      total 18432K, used 18422K [0x00000000ebb80000, 0x00000000edf80000, 0x0000000100000000)
  eden space 15872K, 100% used [0x00000000ebb80000,0x00000000ecb00000,0x00000000ecb00000)
  from space 2560K, 99% used [0x00000000ecb00000,0x00000000ecd7dbe0,0x00000000ecd80000)
  to   space 2560K, 0% used [0x00000000edd00000,0x00000000edd00000,0x00000000edf80000)
 ParOldGen       total 42496K, used 444K [0x00000000c3200000, 0x00000000c5b80000, 0x00000000ebb80000)
  object space 42496K, 1% used [0x00000000c3200000,0x00000000c326f0b8,0x00000000c5b80000)
 Metaspace       used 11183K, capacity 11386K, committed 11648K, reserved 1058816K
  class space    used 1298K, capacity 1405K, committed 1408K, reserved 1048576K
Event: 10.216 GC heap after
Heap after GC invocations=2 (full 0):
 PSYoungGen      total 34304K, used 2528K [0x00000000ebb80000, 0x00000000edf80000, 0x0000000100000000)
  eden space 31744K, 0% used [0x00000000ebb80000,0x00000000ebb80000,0x00000000eda80000)
  from space 2560K, 98% used [0x00000000edd00000,0x00000000edf78030,0x00000000edf80000)
  to   space 2560K, 0% used [0x00000000eda80000,0x00000000eda80000,0x00000000edd00000)
 ParOldGen       total 42496K, used 3592K [0x00000000c3200000, 0x00000000c5b80000, 0x00000000ebb80000)
  object space 42496K, 8% used [0x00000000c3200000,0x00000000c3582140,0x00000000c5b80000)
 Metaspace       used 11183K, capacity 11386K, committed 11648K, reserved 1058816K
  class space    used 1298K, capacity 1405K, committed 1408K, reserved 1048576K
}

Deoptimization events (10 events):
Event: 10.337 Thread 0x00000000020bf000 Uncommon trap: reason=unstable_if action=reinterpret pc=0x00000000027a8b0c method=java.lang.String.replace(CC)Ljava/lang/String; @ 2
Event: 15.345 Thread 0x00000000020bf000 Uncommon trap: reason=class_check action=maybe_recompile pc=0x00000000028f21b4 method=java.util.regex.Matcher.search(I)Z @ 86
Event: 15.345 Thread 0x00000000020bf000 Uncommon trap: reason=class_check action=maybe_recompile pc=0x00000000028a2354 method=java.util.regex.Pattern$Curly.match(Ljava/util/regex/Matcher;ILjava/lang/CharSequence;)Z @ 19
Event: 15.345 Thread 0x00000000020bf000 Uncommon trap: reason=class_check action=maybe_recompile pc=0x00000000028f21b4 method=java.util.regex.Matcher.search(I)Z @ 86
Event: 15.346 Thread 0x00000000020bf000 Uncommon trap: reason=class_check action=maybe_recompile pc=0x00000000028f21b4 method=java.util.regex.Matcher.search(I)Z @ 86
Event: 15.346 Thread 0x00000000020bf000 Uncommon trap: reason=class_check action=maybe_recompile pc=0x00000000028f21b4 method=java.util.regex.Matcher.search(I)Z @ 86
Event: 15.346 Thread 0x00000000020bf000 Uncommon trap: reason=class_check action=maybe_recompile pc=0x00000000028a2354 method=java.util.regex.Pattern$Curly.match(Ljava/util/regex/Matcher;ILjava/lang/CharSequence;)Z @ 19
Event: 15.365 Thread 0x00000000020bf000 Uncommon trap: reason=class_check action=maybe_recompile pc=0x00000000028a2354 method=java.util.regex.Pattern$Curly.match(Ljava/util/regex/Matcher;ILjava/lang/CharSequence;)Z @ 19
Event: 15.366 Thread 0x00000000020bf000 Uncommon trap: reason=class_check action=maybe_recompile pc=0x00000000028a2354 method=java.util.regex.Pattern$Curly.match(Ljava/util/regex/Matcher;ILjava/lang/CharSequence;)Z @ 19
Event: 15.452 Thread 0x00000000020bf000 Uncommon trap: reason=unstable_if action=reinterpret pc=0x00000000029dd12c method=java.util.regex.Pattern$BmpCharProperty.match(Ljava/util/regex/Matcher;ILjava/lang/CharSequence;)Z @ 34

Classes redefined (0 events):
No events

Internal exceptions (10 events):
Event: 14.042 Thread 0x00000000020bf000 Exception <a 'java/lang/IncompatibleClassChangeError': Found class java.lang.Object, but interface was expected> (0x00000000ec322c88) thrown at [C:\re\workspace\8-2-build-windows-amd64-cygwin\jdk8u201\12322\hotspot\src\share\vm\interpreter\linkResolver.cp
Event: 14.048 Thread 0x00000000020bf000 Exception <a 'java/lang/NoSuchMethodError': java.lang.Object.lambda$or$2(Ljava/util/function/Predicate;Ljava/lang/Object;)Z> (0x00000000ec32cdb0) thrown at [C:\re\workspace\8-2-build-windows-amd64-cygwin\jdk8u201\12322\hotspot\src\share\vm\interpreter\lin
Event: 14.101 Thread 0x00000000020bf000 Exception <a 'java/lang/ArrayIndexOutOfBoundsException': 18> (0x00000000ec47ac28) thrown at [C:\re\workspace\8-2-build-windows-amd64-cygwin\jdk8u201\12322\hotspot\src\share\vm\interpreter\interpreterRuntime.cpp, line 368]
Event: 14.101 Thread 0x00000000020bf000 Exception <a 'java/lang/ArrayIndexOutOfBoundsException': 110> (0x00000000ec47c2c0) thrown at [C:\re\workspace\8-2-build-windows-amd64-cygwin\jdk8u201\12322\hotspot\src\share\vm\interpreter\interpreterRuntime.cpp, line 368]
Event: 14.102 Thread 0x00000000020bf000 Exception <a 'java/lang/ArrayIndexOutOfBoundsException': 60> (0x00000000ec47d780) thrown at [C:\re\workspace\8-2-build-windows-amd64-cygwin\jdk8u201\12322\hotspot\src\share\vm\interpreter\interpreterRuntime.cpp, line 368]
Event: 14.103 Thread 0x00000000020bf000 Exception <a 'java/lang/ArrayIndexOutOfBoundsException': 67> (0x00000000ec47eb40) thrown at [C:\re\workspace\8-2-build-windows-amd64-cygwin\jdk8u201\12322\hotspot\src\share\vm\interpreter\interpreterRuntime.cpp, line 368]
Event: 14.104 Thread 0x00000000020bf000 Exception <a 'java/lang/ArrayIndexOutOfBoundsException': 88> (0x00000000ec47fdb8) thrown at [C:\re\workspace\8-2-build-windows-amd64-cygwin\jdk8u201\12322\hotspot\src\share\vm\interpreter\interpreterRuntime.cpp, line 368]
Event: 14.104 Thread 0x00000000020bf000 Exception <a 'java/lang/ArrayIndexOutOfBoundsException': 92> (0x00000000ec487328) thrown at [C:\re\workspace\8-2-build-windows-amd64-cygwin\jdk8u201\12322\hotspot\src\share\vm\interpreter\interpreterRuntime.cpp, line 368]
Event: 14.105 Thread 0x00000000020bf000 Exception <a 'java/lang/ArrayIndexOutOfBoundsException': 57> (0x00000000ec48dd70) thrown at [C:\re\workspace\8-2-build-windows-amd64-cygwin\jdk8u201\12322\hotspot\src\share\vm\interpreter\interpreterRuntime.cpp, line 368]
Event: 14.216 Thread 0x00000000020bf000 Exception <a 'java/lang/NoSuchMethodError': java.lang.Object.lambda$chars$0()Ljava/util/Spliterator$OfInt;> (0x00000000ec6ad7c0) thrown at [C:\re\workspace\8-2-build-windows-amd64-cygwin\jdk8u201\12322\hotspot\src\share\vm\interpreter\linkResolver.cpp, li

Events (10 events):
Event: 15.542 loading class okio/Segment
Event: 15.542 loading class okio/Segment done
Event: 15.544 loading class okhttp3/internal/http/CallServerInterceptor$CountingSink
Event: 15.544 loading class okhttp3/internal/http/CallServerInterceptor$CountingSink done
Event: 15.544 loading class okio/ForwardingSink
Event: 15.544 loading class okio/ForwardingSink done
Event: 15.545 loading class okhttp3/internal/http1/Http1Codec$FixedLengthSink
Event: 15.545 loading class okhttp3/internal/http1/Http1Codec$FixedLengthSink done
Event: 15.546 loading class okio/ForwardingTimeout
Event: 15.546 loading class okio/ForwardingTimeout done


Dynamic libraries:
0x000000013f490000 - 0x000000013f4c7000 	C:\Program Files\Java\jdk1.8.0_201\bin\javaw.exe
0x0000000077660000 - 0x00000000777ff000 	C:\Windows\SYSTEM32\ntdll.dll
0x0000000077540000 - 0x000000007765f000 	C:\Windows\system32\kernel32.dll
0x000007fefd3e0000 - 0x000007fefd447000 	C:\Windows\system32\KERNELBASE.dll
0x000007fefd690000 - 0x000007fefd76b000 	C:\Windows\system32\ADVAPI32.dll
0x000007feff020000 - 0x000007feff0bf000 	C:\Windows\system32\msvcrt.dll
0x000007fefd880000 - 0x000007fefd89f000 	C:\Windows\SYSTEM32\sechost.dll
0x000007fefee80000 - 0x000007fefefac000 	C:\Windows\system32\RPCRT4.dll
0x0000000077440000 - 0x000000007753b000 	C:\Windows\system32\USER32.dll
0x000007fefefb0000 - 0x000007feff017000 	C:\Windows\system32\GDI32.dll
0x000007fefd990000 - 0x000007fefd99e000 	C:\Windows\system32\LPK.dll
0x000007feff880000 - 0x000007feff94b000 	C:\Windows\system32\USP10.dll
0x000007fefba80000 - 0x000007fefbc75000 	C:\Windows\WinSxS\amd64_microsoft.windows.common-controls_6595b64144ccf1df_6.0.7601.24483_none_e372d88f30fbb845\COMCTL32.dll
0x000007fefd610000 - 0x000007fefd681000 	C:\Windows\system32\SHLWAPI.dll
0x000007fefe810000 - 0x000007fefe83e000 	C:\Windows\system32\IMM32.DLL
0x000007fefd770000 - 0x000007fefd87b000 	C:\Windows\system32\MSCTF.dll
0x000000006ed50000 - 0x000000006ee21000 	C:\Program Files\Java\jdk1.8.0_201\jre\bin\msvcr100.dll
0x000000006d610000 - 0x000000006deb4000 	C:\Program Files\Java\jdk1.8.0_201\jre\bin\server\jvm.dll
0x000007fef4030000 - 0x000007fef4039000 	C:\Windows\system32\WSOCK32.dll
0x000007fefd8a0000 - 0x000007fefd8ed000 	C:\Windows\system32\WS2_32.dll
0x000007feff390000 - 0x000007feff398000 	C:\Windows\system32\NSI.dll
0x000007fef60c0000 - 0x000007fef60fb000 	C:\Windows\system32\WINMM.dll
0x000007fefc290000 - 0x000007fefc29c000 	C:\Windows\system32\VERSION.dll
0x0000000077800000 - 0x0000000077807000 	C:\Windows\system32\PSAPI.DLL
0x000007fee88a0000 - 0x000007fee88af000 	C:\Program Files\Java\jdk1.8.0_201\jre\bin\verify.dll
0x000007fee7f60000 - 0x000007fee7f89000 	C:\Program Files\Java\jdk1.8.0_201\jre\bin\java.dll
0x000007fee8180000 - 0x000007fee8196000 	C:\Program Files\Java\jdk1.8.0_201\jre\bin\zip.dll
0x000007fefd9a0000 - 0x000007fefe72b000 	C:\Windows\system32\SHELL32.dll
0x000007feff680000 - 0x000007feff87f000 	C:\Windows\system32\ole32.dll
0x000007fefd1c0000 - 0x000007fefd1cf000 	C:\Windows\system32\profapi.dll
0x000007fee7b90000 - 0x000007fee7bb4000 	C:\Program Files\Java\jdk1.8.0_201\jre\bin\sunec.dll
0x000007fee7fa0000 - 0x000007fee7fba000 	C:\Program Files\Java\jdk1.8.0_201\jre\bin\net.dll
0x000007fefe840000 - 0x000007fefe9ca000 	C:\Windows\system32\urlmon.dll
0x000007fefd1d0000 - 0x000007fefd1d4000 	C:\Windows\system32\api-ms-win-downlevel-ole32-l1-1-0.dll
0x000007fefd560000 - 0x000007fefd564000 	C:\Windows\system32\api-ms-win-downlevel-shlwapi-l1-1-0.dll
0x000007fefd550000 - 0x000007fefd555000 	C:\Windows\system32\api-ms-win-downlevel-advapi32-l1-1-0.dll
0x000007fefd390000 - 0x000007fefd394000 	C:\Windows\system32\api-ms-win-downlevel-user32-l1-1-0.dll
0x000007fefd200000 - 0x000007fefd204000 	C:\Windows\system32\api-ms-win-downlevel-version-l1-1-0.dll
0x000007fefd380000 - 0x000007fefd383000 	C:\Windows\system32\api-ms-win-downlevel-normaliz-l1-1-0.dll
0x0000000077810000 - 0x0000000077813000 	C:\Windows\system32\normaliz.DLL
0x000007feff0c0000 - 0x000007feff38c000 	C:\Windows\system32\iertutil.dll
0x000007fefe9d0000 - 0x000007fefee7c000 	C:\Windows\system32\WININET.dll
0x000007fefd1e0000 - 0x000007fefd1ff000 	C:\Windows\system32\USERENV.dll
0x000007fefc930000 - 0x000007fefc985000 	C:\Windows\system32\mswsock.dll
0x000007fefc920000 - 0x000007fefc927000 	C:\Windows\System32\wship6.dll
0x000007fef9110000 - 0x000007fef9137000 	C:\Windows\system32\IPHLPAPI.DLL
0x000007fef9100000 - 0x000007fef910b000 	C:\Windows\system32\WINNSI.DLL
0x000007fef8f80000 - 0x000007fef8f98000 	C:\Windows\system32\dhcpcsvc.DLL
0x000007fef8f60000 - 0x000007fef8f71000 	C:\Windows\system32\dhcpcsvc6.DLL
0x000007fee7f40000 - 0x000007fee7f51000 	C:\Program Files\Java\jdk1.8.0_201\jre\bin\nio.dll
0x000007fefc990000 - 0x000007fefc9a8000 	C:\Windows\system32\CRYPTSP.dll
0x000007fefc690000 - 0x000007fefc6d7000 	C:\Windows\system32\rsaenh.dll
0x000007fefd050000 - 0x000007fefd05f000 	C:\Windows\system32\CRYPTBASE.dll
0x000007fefc360000 - 0x000007fefc367000 	C:\Windows\System32\wshtcpip.dll
0x000007fefc7b0000 - 0x000007fefc80b000 	C:\Windows\system32\DNSAPI.dll
0x000007fef76d0000 - 0x000007fef76d8000 	C:\Windows\system32\rasadhlp.dll
0x000007fef8fb0000 - 0x000007fef9003000 	C:\Windows\System32\fwpuclnt.dll
0x000007fef6260000 - 0x000007fef626b000 	C:\Program Files\Java\jdk1.8.0_201\jre\bin\sunmscapi.dll
0x000007fefd210000 - 0x000007fefd37d000 	C:\Windows\system32\CRYPT32.dll
0x000007fefd1b0000 - 0x000007fefd1bf000 	C:\Windows\system32\MSASN1.dll
0x000007fefcff0000 - 0x000007fefd047000 	C:\Windows\system32\apphelp.dll

VM Arguments:
jvm_args: -Dfile.encoding=Cp1252 
java_command: Practicepakage.ReadDataFromPropertyFileTest
java_class_path (initial): E:\eclipse\BANKDOM_1\target\test-classes;E:\eclipse\BANKDOM_1\target\classes;C:\Users\user\.m2\repository\io\github\bonigarcia\webdrivermanager\5.0.3\webdrivermanager-5.0.3.jar;C:\Users\user\.m2\repository\org\slf4j\slf4j-api\1.7.32\slf4j-api-1.7.32.jar;C:\Users\user\.m2\repository\com\google\code\gson\gson\2.8.8\gson-2.8.8.jar;C:\Users\user\.m2\repository\org\jsoup\jsoup\1.14.2\jsoup-1.14.2.jar;C:\Users\user\.m2\repository\com\github\docker-java\docker-java\3.2.12\docker-java-3.2.12.jar;C:\Users\user\.m2\repository\com\github\docker-java\docker-java-core\3.2.12\docker-java-core-3.2.12.jar;C:\Users\user\.m2\repository\com\github\docker-java\docker-java-api\3.2.12\docker-java-api-3.2.12.jar;C:\Users\user\.m2\repository\com\fasterxml\jackson\core\jackson-annotations\2.10.3\jackson-annotations-2.10.3.jar;C:\Users\user\.m2\repository\commons-io\commons-io\2.6\commons-io-2.6.jar;C:\Users\user\.m2\repository\commons-lang\commons-lang\2.6\commons-lang-2.6.jar;C:\Users\user\.m2\repository\com\fasterxml\jackson\core\jackson-databind\2.10.3\jackson-databind-2.10.3.jar;C:\Users\user\.m2\repository\com\fasterxml\jackson\core\jackson-core\2.10.3\jackson-core-2.10.3.jar;C:\Users\user\.m2\repository\org\bouncycastle\bcpkix-jdk15on\1.64\bcpkix-jdk15on-1.64.jar;C:\Users\user\.m2\repository\org\bouncycastle\bcprov-jdk15on\1.64\bcprov-jdk15on-1.64.jar;C:\Users\user\.m2\repository\org\slf4j\jcl-over-slf4j\1.7.30\jcl-over-slf4j-1.7.30.jar;C:\Users\user\.m2\repository\com\github\docker-java\docker-java-transport-httpclient5\3.2.12\docker-java-transport-httpclient5-3.2.12.jar;C:\Users\user\.m2\repository\com\github\docker-java\docker-java-transport\3.2.12\docker-java-transport-3.2.12.jar;C:\Users\user\.m2\repository\org\apache\httpcomponents\client5\httpclient5\5.0.3\httpclient5-5.0.3.jar;C:\Users\user\.m2\repository\org\apache\httpcomponents\core5\httpcore5\5.0.2\httpcore5-5.0.2.jar;C:\Users\user\.m2\repository\net\java\dev\jna\jna\5.8.0\jna-5.8.0.jar;C:\User
Launcher Type: SUN_STANDARD

Environment Variables:
PATH=C:/Program Files/Java/jdk1.8.0_201/bin/../jre/bin/server;C:/Program Files/Java/jdk1.8.0_201/bin/../jre/bin;C:/Program Files/Java/jdk1.8.0_201/bin/../jre/lib/amd64;C:\Program Files\Java\jdk1.8.0_201\bin;E:\java\eclipse;
USERNAME=user
OS=Windows_NT
PROCESSOR_IDENTIFIER=Intel64 Family 6 Model 37 Stepping 5, GenuineIntel



---------------  S Y S T E M  ---------------

OS: Windows 7 , 64 bit Build 7601 (6.1.7601.24545)

CPU:total 4 (initial active 4) (2 cores per cpu, 2 threads per core) family 6 model 37 stepping 5, cmov, cx8, fxsr, mmx, sse, sse2, sse3, ssse3, sse4.1, sse4.2, popcnt, aes, clmul, ht, tsc, tscinvbit

Memory: 4k page, physical 3985072k(460836k free), swap 9623896k(919000k free)

vm_info: Java HotSpot(TM) 64-Bit Server VM (25.201-b09) for windows-amd64 JRE (1.8.0_201-b09), built on Dec 15 2018 18:36:39 by "java_re" with MS VC++ 10.0 (VS2010)

time: Wed Sep 07 14:51:27 2022
timezone: India Standard Time
elapsed time: 16 seconds (0d 0h 0m 16s)

